<?xml version="1.0" encoding="UTF-8"?>
<!-- Generated by org.testng.reporters.JUnitXMLReporter -->
<testsuite ignored="0" hostname="ISIPL-PUNV-L078" failures="1" tests="1" name="SecondDevice" time="0.133" errors="0" timestamp="2020-12-17T11:18:03 IST">
  <testcase classname="com.mobile.base.MobileBaseClass" name="capabilities" time="0.085">
    <failure type="java.net.MalformedURLException" message="Error at index 0 in: &amp;quot;DeepaEmulator&amp;quot;">
      <![CDATA[java.net.MalformedURLException: Error at index 0 in: "DeepaEmulator"
at java.base/java.net.URL.<init>(URL.java:706)
at java.base/java.net.URL.<init>(URL.java:568)
at java.base/java.net.URL.<init>(URL.java:515)
at com.mobile.base.MobileBaseClass.capabilities(MobileBaseClass.java:34)
at java.base/java.util.ArrayList.forEach(ArrayList.java:1511)
at java.base/java.util.concurrent.FutureTask.run(FutureTask.java:264)
at java.base/java.util.concurrent.ThreadPoolExecutor.runWorker(ThreadPoolExecutor.java:1130)
at java.base/java.util.concurrent.ThreadPoolExecutor$Worker.run(ThreadPoolExecutor.java:630)
at java.base/java.lang.Thread.run(Thread.java:832)
Caused by: java.lang.NumberFormatException: Error at index 0 in: "DeepaEmulator"
at java.base/java.lang.NumberFormatException.forCharSequence(NumberFormatException.java:84)
at java.base/java.lang.Integer.parseInt(Integer.java:735)
at java.base/java.net.URLStreamHandler.parseURL(URLStreamHandler.java:232)
at java.base/java.net.URL.<init>(URL.java:701)
... 26 more
... Removed 18 stack frames]]>
    </failure>
  </testcase> <!-- capabilities -->
</testsuite> <!-- SecondDevice -->
